<?xml version="1.0" encoding="UTF-8" ?>
<testsuite tests="12" failures="0" name="ProductTest" time="0.008" errors="0" skipped="0">
  <properties>
[...]
</properties>
  <testcase classname="ProductTest" name="test_ShoppingCart_getItemCount" time="0.005"/>
  <testcase classname="ProductTest" name="test_ProductNotFoundException_ProductNotFoundException" time="0"/>
  <testcase classname="ProductTest" name="test_ShoppingCart_addItem" time="0"/>
  <testcase classname="ProductTest" name="test_ShoppingCart_getBalance" time="0"/>
  <testcase classname="ProductTest" name="test_ShoppingCart_removeItem" time="0"/>
  <testcase classname="ProductTest" name="test_bottom_up_Product_ShoppingCart" time="0.001"/>
  <testcase classname="ProductTest" name="test_ShoppingCart_empty" time="0"/>
  <testcase classname="ProductTest" name="test_bottom_up_Product_ShoppingCart_ProductNotFoundException" time="0"/>
  <testcase classname="ProductTest" name="test_big_bang1" time="0"/>
  <testcase classname="ProductTest" name="test_big_bang2" time="0"/>
  <testcase classname="ProductTest" name="test_product1" time="0.001"/>
  <testcase classname="ProductTest" name="test_product2" time="0.001"/>
</testsuite>